<?xml version="1.0" encoding="UTF-8"?>
<testng-results ignored="0" total="1" passed="1" failed="0" skipped="0">
  <reporter-output>
  </reporter-output>
  <suite started-at="2023-11-28T12:50:46 IST" name="Default suite" finished-at="2023-11-28T12:50:55 IST" duration-ms="9261">
    <groups>
    </groups>
    <test started-at="2023-11-28T12:50:46 IST" name="Default test" finished-at="2023-11-28T12:50:55 IST" duration-ms="9261">
      <class name="TestNGExecutionPackage.javaTest">
        <test-method signature="java_method()[pri:0, instance:TestNGExecutionPackage.javaTest@1e1a0406]" started-at="2023-11-28T12:50:46 IST" name="java_method" finished-at="2023-11-28T12:50:55 IST" duration-ms="9206" status="PASS">
          <reporter-output>
          </reporter-output>
        </test-method> <!-- java_method -->
      </class> <!-- TestNGExecutionPackage.javaTest -->
    </test> <!-- Default test -->
  </suite> <!-- Default suite -->
</testng-results>
