<?xml version="1.0" encoding="UTF-8"?>
<testng-results ignored="0" total="2" passed="2" failed="0" skipped="0">
  <reporter-output>
  </reporter-output>
  <suite started-at="2023-12-01T12:55:25 IST" name="Default suite" finished-at="2023-12-01T12:56:05 IST" duration-ms="39184">
    <groups>
    </groups>
    <test started-at="2023-12-01T12:55:25 IST" name="Default test" finished-at="2023-12-01T12:56:05 IST" duration-ms="39184">
      <class name="TestNGAnnotationPackage.GoogleSearchText">
        <test-method is-config="true" signature="setup()[pri:0, instance:TestNGAnnotationPackage.GoogleSearchText@26e356f0]" started-at="2023-12-01T12:55:25 IST" name="setup" finished-at="2023-12-01T12:55:38 IST" duration-ms="12609" status="PASS">
          <reporter-output>
          </reporter-output>
        </test-method> <!-- setup -->
        <test-method signature="Search_Selenium()[pri:0, instance:TestNGAnnotationPackage.GoogleSearchText@26e356f0]" started-at="2023-12-01T12:55:38 IST" name="Search_Selenium" finished-at="2023-12-01T12:55:41 IST" duration-ms="2424" status="PASS">
          <reporter-output>
          </reporter-output>
        </test-method> <!-- Search_Selenium -->
        <test-method is-config="true" signature="setup()[pri:0, instance:TestNGAnnotationPackage.GoogleSearchText@26e356f0]" started-at="2023-12-01T12:55:41 IST" name="setup" finished-at="2023-12-01T12:55:51 IST" duration-ms="10325" status="PASS">
          <reporter-output>
          </reporter-output>
        </test-method> <!-- setup -->
        <test-method signature="Search_java()[pri:0, instance:TestNGAnnotationPackage.GoogleSearchText@26e356f0]" started-at="2023-12-01T12:55:51 IST" name="Search_java" finished-at="2023-12-01T12:56:05 IST" duration-ms="13786" status="PASS">
          <reporter-output>
          </reporter-output>
        </test-method> <!-- Search_java -->
      </class> <!-- TestNGAnnotationPackage.GoogleSearchText -->
    </test> <!-- Default test -->
  </suite> <!-- Default suite -->
</testng-results>
