<?xml version="1.0" encoding="UTF-8"?>
<!-- Generated by org.testng.reporters.JUnitXMLReporter -->
<testsuite ignored="0" hostname="DESKTOP-0G2S0KD" failures="1" tests="6" name="Test" time="0.069" errors="0" timestamp="2023-11-30T12:07:52 IST">
  <testcase classname="TestNGExecutionPackage.Test3" name="method1" time="0.008"/>
  <testcase classname="TestNGExecutionPackage.Test3" name="method2" time="0.001">
    <failure type="java.lang.ArithmeticException" message="/ by zero">
      <![CDATA[java.lang.ArithmeticException: / by zero
at TestNGExecutionPackage.Test3.method2(Test3.java:17)
at java.base/java.util.ArrayList.forEach(ArrayList.java:1511)
... Removed 27 stack frames]]>
    </failure>
  </testcase> <!-- method2 -->
  <testcase classname="TestNGExecutionPackage.Test1" name="method1" time="0.001"/>
  <testcase classname="TestNGExecutionPackage.Test1" name="method2" time="0.002"/>
  <testcase classname="TestNGExecutionPackage.Test2" name="method1" time="0.001"/>
  <testcase classname="TestNGExecutionPackage.Test2" name="method2" time="0.002"/>
</testsuite> <!-- Test -->
